<?xml version="1.0" encoding="UTF-8"?>
<!-- Generated by org.testng.reporters.JUnitReportReporter -->
<testsuite hostname="AARNA-Win01" failures="0" tests="1" name="API.Getdata" time="2.046" errors="0" timestamp="2025-03-21T17:09:45 CDT" skipped="0">
  <testcase classname="API.Getdata" name="GetResponse" time="2.046"/>
</testsuite> <!-- API.Getdata -->
